[debug] [2024-03-26T15:52:13.414Z] ----------------------------------------------------------------------
[debug] [2024-03-26T15:52:13.416Z] Command:       C:\Program Files\nodejs\node.exe C:\Users\sefat\AppData\Roaming\npm\node_modules\firebase-tools\lib\bin\firebase.js init hosting
[debug] [2024-03-26T15:52:13.417Z] CLI Version:   11.20.0
[debug] [2024-03-26T15:52:13.417Z] Platform:      win32
[debug] [2024-03-26T15:52:13.417Z] Node Version:  v16.16.0
[debug] [2024-03-26T15:52:13.418Z] Time:          Tue Mar 26 2024 15:52:13 GMT+0000 (Greenwich Mean Time)
[debug] [2024-03-26T15:52:13.419Z] ----------------------------------------------------------------------
[debug] 
[debug] [2024-03-26T15:52:13.498Z] > command requires scopes: ["email","openid","https://www.googleapis.com/auth/cloudplatformprojects.readonly","https://www.googleapis.com/auth/firebase","https://www.googleapis.com/auth/cloud-platform"]
[debug] [2024-03-26T15:52:13.498Z] > authorizing via signed-in user (18029450uhi@gmail.com)
[info] 
     ######## #### ########  ######## ########     ###     ######  ########
     ##        ##  ##     ## ##       ##     ##  ##   ##  ##       ##
     ######    ##  ########  ######   ########  #########  ######  ######
     ##        ##  ##    ##  ##       ##     ## ##     ##       ## ##
     ##       #### ##     ## ######## ########  ##     ##  ######  ########

You're about to initialize a Firebase project in this directory:

  C:\Users\sefat\WAD_SefatNur\assignment218029450

Before we get started, keep in mind:

  * You are initializing within an existing Firebase project directory

[info] 
=== Project Setup
[info] 
[info] First, let's associate this project directory with a Firebase project.
[info] You can create multiple project aliases by running firebase use --add, 
[info] but for now we'll just set up a default project.
[info] 
[debug] [2024-03-26T15:52:22.093Z] Using project from CLI flag: assignment218029450
[debug] [2024-03-26T15:52:22.108Z] >>> [apiv2][query] GET https://firebase.googleapis.com/v1beta1/projects/assignment218029450 [none]
[debug] [2024-03-26T15:52:22.552Z] <<< [apiv2][status] GET https://firebase.googleapis.com/v1beta1/projects/assignment218029450 200
[debug] [2024-03-26T15:52:22.552Z] <<< [apiv2][body] GET https://firebase.googleapis.com/v1beta1/projects/assignment218029450 {"projectId":"assignment218029450","projectNumber":"841530498032","displayName":"assignment218029450","name":"projects/assignment218029450","resources":{"hostingSite":"assignment218029450","realtimeDatabaseInstance":"assignment218029450-default-rtdb","storageBucket":"assignment218029450.appspot.com","locationId":"europe-west2"},"state":"ACTIVE","etag":"1_e1fb3b16-6668-4dd5-a1a6-17bba277b451"}
[info] i  Using project assignment218029450 (assignment218029450) 
[info] 
=== Hosting Setup
[info] 
[info] Your public directory is the folder (relative to your project directory) that
[info] will contain Hosting assets to be uploaded with firebase deploy. If you
[info] have a build process for your assets, use your build's output directory.
[info] 
